[00:58:50] [Server thread/INFO]: Starting minecraft server version 1.15.1
[00:58:50] [Server thread/INFO]: Loading properties
[00:58:50] [Server thread/INFO]: Default game type: SURVIVAL
[00:58:50] [Server thread/INFO]: Generating keypair
[00:58:50] [Server thread/INFO]: Starting Minecraft server on *:25565
[00:58:50] [Server thread/INFO]: Using default channel type
[00:58:51] [Server thread/INFO]: This server is running CraftBukkit version git-Bukkit-2d9db47 (MC: 1.15.1) (Implementing API version 1.15.1-R0.1-SNAPSHOT)
[00:58:51] [Server thread/INFO]: Preparing level "world"
[00:58:51] [Server thread/INFO]: Reloading ResourceManager: Default, bukkit
[00:58:52] [Server thread/INFO]: Loaded 6 recipes
[00:59:05] [Server thread/INFO]: Preparing start region for dimension 'world'/minecraft:overworld
[00:59:06] [Server thread/INFO]: Preparing spawn area: 0%
[00:59:06] [Server thread/INFO]: Preparing spawn area: 0%
[00:59:06] [Server thread/INFO]: Preparing spawn area: 0%
[00:59:06] [Server thread/INFO]: Preparing spawn area: 46%
[00:59:08] [Server-Worker-2/INFO]: Preparing spawn area: 83%
[00:59:08] [Server-Worker-2/INFO]: Preparing spawn area: 83%
[00:59:08] [Server-Worker-2/INFO]: Preparing spawn area: 83%
[00:59:08] [Server-Worker-1/INFO]: Preparing spawn area: 83%
[00:59:09] [Server thread/INFO]: Preparing spawn area: 83%
[00:59:09] [Server thread/INFO]: Preparing spawn area: 83%
[00:59:10] [Server-Worker-3/INFO]: Preparing spawn area: 91%
[00:59:10] [Server-Worker-1/INFO]: Preparing spawn area: 91%
[00:59:11] [Server-Worker-1/INFO]: Preparing spawn area: 91%
[00:59:11] [Server-Worker-2/INFO]: Preparing spawn area: 94%
[00:59:12] [Server-Worker-1/INFO]: Preparing spawn area: 97%
[00:59:12] [Server thread/INFO]: Time elapsed: 7430 ms
[00:59:12] [Server thread/INFO]: Preparing start region for dimension 'world_nether'/minecraft:the_nether
[00:59:13] [Server thread/INFO]: Preparing spawn area: 0%
[00:59:13] [Server thread/INFO]: Preparing spawn area: 0%
[00:59:13] [Server-Worker-2/INFO]: Preparing spawn area: 83%
[00:59:13] [Server-Worker-2/INFO]: Preparing spawn area: 83%
[00:59:14] [Server-Worker-3/INFO]: Preparing spawn area: 85%
[00:59:14] [Server-Worker-1/INFO]: Preparing spawn area: 90%
[00:59:15] [Server thread/INFO]: Time elapsed: 2991 ms
[00:59:15] [Server thread/INFO]: Preparing start region for dimension 'world_the_end'/minecraft:the_end
[00:59:15] [Server thread/INFO]: Preparing spawn area: 0%
[00:59:15] [Server-Worker-3/INFO]: Preparing spawn area: 83%
[00:59:16] [Server thread/INFO]: Time elapsed: 963 ms
[00:59:16] [Server thread/INFO]: Server permissions file permissions.yml is empty, ignoring it
[00:59:16] [Server thread/INFO]: Done (24.617s)! For help, type "help"
[00:59:36] [Server thread/INFO]: com.mojang.authlib.GameProfile@235eaf66[id=<null>,name=xxECKOxSHOTxx,properties={},legacy=false] (/192.168.0.28:51490) lost connection: Disconnected
[01:00:45] [User Authenticator #2/INFO]: UUID of player xxECKOxSHOTxx is c0c74efd-40d3-432b-8309-bea62bf60b9e
[01:00:45] [Server thread/INFO]: xxECKOxSHOTxx[/192.168.0.28:51502] logged in with entity id 229 at ([world]-238.76094101182295, 74.0, -135.996702928286)
[01:00:51] [Server thread/INFO]: xxECKOxSHOTxx lost connection: Disconnected
[01:00:51] [Server thread/INFO]: xxECKOxSHOTxx left the game
[01:01:10] [User Authenticator #3/INFO]: UUID of player Evilius is 31e7f855-86c9-40a0-ab82-12045b7042ba
[01:01:11] [Server thread/INFO]: Evilius[/192.168.0.12:53108] logged in with entity id 247 at ([world]-235.5, 74.0, -127.5)
[01:01:27] [Server thread/INFO]: Evilius has made the advancement [Monster Hunter]
[01:02:01] [User Authenticator #4/INFO]: UUID of player The_Macho_Taco is ca05769a-51e6-46d1-ae07-65a0850473f3
[01:02:01] [Server thread/INFO]: The_Macho_Taco[/192.168.0.25:53685] logged in with entity id 351 at ([world]-243.5, 74.0, -132.5)
[01:05:42] [Server thread/INFO]: The_Macho_Taco has made the advancement [Stone Age]
[01:05:55] [Server thread/INFO]: The_Macho_Taco lost connection: Disconnected
[01:05:55] [Server thread/INFO]: The_Macho_Taco left the game
[01:06:04] [User Authenticator #5/INFO]: UUID of player The_Macho_Taco is ca05769a-51e6-46d1-ae07-65a0850473f3
[01:06:05] [Server thread/INFO]: The_Macho_Taco[/192.168.0.2:35322] logged in with entity id 1217 at ([world]-218.52525331079897, 64.0, -257.1062749214422)
[01:06:13] [Server thread/WARN]: The_Macho_Taco moved wrongly!
[01:07:27] [Server thread/INFO]: The_Macho_Taco has made the advancement [Getting an Upgrade]
[01:07:45] [Server thread/INFO]: Evilius lost connection: Disconnected
[01:07:45] [Server thread/INFO]: Evilius left the game
[01:07:49] [User Authenticator #6/INFO]: UUID of player Evilius is 31e7f855-86c9-40a0-ab82-12045b7042ba
[01:07:50] [Server thread/INFO]: Evilius[/192.168.0.12:53120] logged in with entity id 1631 at ([world]-290.17031168003564, 69.0, -132.4738884102128)
[01:07:52] [Server thread/INFO]: The_Macho_Taco has made the advancement [Monster Hunter]
[01:08:07] [User Authenticator #7/INFO]: UUID of player xxECKOxSHOTxx is c0c74efd-40d3-432b-8309-bea62bf60b9e
[01:08:08] [Server thread/INFO]: xxECKOxSHOTxx[/192.168.0.28:51556] logged in with entity id 1734 at ([world]-239.53947585979802, 74.0, -137.65624189007067)
[01:08:15] [Server thread/INFO]: Evilius lost connection: Timed out
[01:08:15] [Server thread/INFO]: Evilius left the game
[01:08:46] [User Authenticator #8/INFO]: UUID of player Evilius is 31e7f855-86c9-40a0-ab82-12045b7042ba
[01:08:46] [Server thread/INFO]: Evilius[/192.168.0.12:53124] logged in with entity id 1868 at ([world]-308.69541062807593, 73.0, -132.71008719693424)
[01:09:09] [Server thread/INFO]: xxECKOxSHOTxx issued server command: /tp here
[01:09:10] [Server thread/INFO]: The_Macho_Taco lost connection: Disconnected
[01:09:10] [Server thread/INFO]: The_Macho_Taco left the game
[01:09:13] [User Authenticator #9/INFO]: UUID of player The_Macho_Taco is ca05769a-51e6-46d1-ae07-65a0850473f3
[01:09:13] [Server thread/INFO]: The_Macho_Taco[/192.168.0.2:46117] logged in with entity id 2029 at ([world]-224.43822078526745, 62.133621372882565, -267.1552953830546)
[01:09:18] [Server thread/INFO]: xxECKOxSHOTxx issued server command: /help
[01:09:27] [Server thread/INFO]: xxECKOxSHOTxx issued server command: /plugins
[01:09:38] [Server thread/INFO]: Evilius lost connection: Disconnected
[01:09:38] [Server thread/INFO]: Evilius left the game
[01:09:53] [User Authenticator #10/INFO]: UUID of player Evilius is 31e7f855-86c9-40a0-ab82-12045b7042ba
[01:09:54] [Server thread/INFO]: Evilius[/192.168.0.2:39156] logged in with entity id 2244 at ([world]-293.7027039882492, 71.0, -128.4194188012651)
[01:11:27] [Server thread/INFO]: xxECKOxSHOTxx has made the advancement [Best Friends Forever]
[01:11:38] [Server thread/WARN]: The_Macho_Taco was kicked for floating too long!
[01:11:38] [Server thread/INFO]: The_Macho_Taco lost connection: Flying is not enabled on this server
[01:11:38] [Server thread/INFO]: The_Macho_Taco left the game
[01:11:43] [User Authenticator #11/INFO]: UUID of player The_Macho_Taco is ca05769a-51e6-46d1-ae07-65a0850473f3
[01:11:43] [Server thread/INFO]: The_Macho_Taco[/192.168.0.2:42486] logged in with entity id 2785 at ([world]-199.81343117222295, 63.0, -294.96852727123536)
[01:11:54] [Server thread/INFO]: xxECKOxSHOTxx issued server command: /me is at -177 64 -79
[01:11:54] [Server thread/INFO]: * xxECKOxSHOTxx is at -177 64 -79
[01:12:42] [Server thread/WARN]: xxECKOxSHOTxx moved wrongly!
[01:13:05] [Server thread/INFO]: xxECKOxSHOTxx issued server command: /me is at -177 64 -79
[01:13:05] [Server thread/INFO]: * xxECKOxSHOTxx is at -177 64 -79
[01:14:41] [Server thread/WARN]: The_Macho_Taco moved too quickly! 2.598994174110146,4.799999952316341,-11.208259939247853
[01:15:24] [Server thread/INFO]: Evilius has made the advancement [Stone Age]
[01:15:27] [Server thread/INFO]: xxECKOxSHOTxx has made the advancement [Stone Age]
[01:15:50] [Server thread/WARN]: The_Macho_Taco moved too quickly! -2.4752058428854298,-0.243240711822736,9.832615191986065
[01:16:34] [Server thread/INFO]: Evilius has made the advancement [Getting an Upgrade]
[01:17:07] [Server thread/INFO]: xxECKOxSHOTxx has made the advancement [Monster Hunter]
[01:17:23] [Server thread/INFO]: xxECKOxSHOTxx was shot by Skeleton
[01:19:11] [Server thread/INFO]: The_Macho_Taco has made the advancement [Acquire Hardware]
[01:20:01] [Server thread/INFO]: The_Macho_Taco has made the advancement [Isn't It Iron Pick]
[01:21:03] [Server thread/INFO]: xxECKOxSHOTxx was shot by Skeleton
[01:23:37] [Server thread/INFO]: Evilius has made the advancement [Acquire Hardware]
[01:25:22] [Server thread/INFO]: xxECKOxSHOTxx was slain by Spider
[01:26:20] [Server thread/INFO]: The_Macho_Taco has made the advancement [Best Friends Forever]
[01:26:41] [Server thread/INFO]: Evilius has made the advancement [Best Friends Forever]
[01:30:36] [Server thread/INFO]: Evilius has made the advancement [A Seedy Place]
[01:33:49] [Server thread/INFO]: xxECKOxSHOTxx has made the advancement [Acquire Hardware]
[01:34:32] [Server thread/INFO]: xxECKOxSHOTxx has made the advancement [Isn't It Iron Pick]
[01:34:33] [Server thread/WARN]: The_Macho_Taco moved too quickly! 8.102708528142983,0.0,-5.881459397957158
[01:35:56] [Server thread/INFO]: The_Macho_Taco lost connection: Disconnected
[01:35:56] [Server thread/INFO]: The_Macho_Taco left the game
[01:35:59] [User Authenticator #12/INFO]: UUID of player The_Macho_Taco is ca05769a-51e6-46d1-ae07-65a0850473f3
[01:36:00] [Server thread/INFO]: The_Macho_Taco[/192.168.0.2:48446] logged in with entity id 7252 at ([world]-177.44125066021067, 64.0, -69.32922885525231)
[01:41:15] [Server thread/INFO]: xxECKOxSHOTxx issued server command: /me is at -177 64 -79
[01:41:15] [Server thread/INFO]: * xxECKOxSHOTxx is at -177 64 -79
[01:48:34] [Server thread/INFO]: xxECKOxSHOTxx has made the advancement [A Seedy Place]
[01:50:25] [Server thread/WARN]: The_Macho_Taco moved too quickly! -9.204927762842118,1.0244240882136921,-4.102582844183841
[01:56:01] [Server thread/INFO]: The_Macho_Taco lost connection: Disconnected
[01:56:01] [Server thread/INFO]: The_Macho_Taco left the game
[01:56:04] [User Authenticator #13/INFO]: UUID of player The_Macho_Taco is ca05769a-51e6-46d1-ae07-65a0850473f3
[01:56:05] [Server thread/INFO]: The_Macho_Taco[/192.168.0.2:39194] logged in with entity id 11595 at ([world]-248.63267813888308, 63.0, -7.642363480263539)
[02:04:58] [Server thread/INFO]: Evilius has made the advancement [Isn't It Iron Pick]
[02:05:12] [Server thread/INFO]: xxECKOxSHOTxx issued server command: /me is at -177 64 -79
[02:05:12] [Server thread/INFO]: * xxECKOxSHOTxx is at -177 64 -79
[02:05:43] [Server thread/WARN]: The_Macho_Taco moved too quickly! 8.325768747575125,0.0,-8.635976604242348
[02:05:46] [Server thread/INFO]: Evilius issued server command: /me Evillius
[02:05:46] [Server thread/INFO]: * Evilius Evillius
[02:06:07] [Server thread/INFO]: xxECKOxSHOTxx issued server command: /me is awesome
[02:06:07] [Server thread/INFO]: * xxECKOxSHOTxx is awesome
[02:06:12] [Server thread/INFO]: xxECKOxSHOTxx issued server command: /me is at -177 64 -79
[02:06:12] [Server thread/INFO]: * xxECKOxSHOTxx is at -177 64 -79
[02:06:16] [Server thread/INFO]: Evilius issued server command: /me is at
[02:06:16] [Server thread/INFO]: * Evilius is at
[02:06:58] [Server thread/INFO]: Evilius issued server command: /me is at -259 56 -624
[02:06:58] [Server thread/INFO]: * Evilius is at -259 56 -624
[02:07:06] [Server thread/INFO]: xxECKOxSHOTxx issued server command: /me is at -177 64 -79
[02:07:06] [Server thread/INFO]: * xxECKOxSHOTxx is at -177 64 -79
[02:07:57] [Server thread/INFO]: Evilius has made the advancement [Suit Up]
[02:08:17] [Server thread/INFO]: The_Macho_Taco has made the advancement [Suit Up]
[02:18:06] [Netty Server IO #5/INFO]: <The_Macho_Taco> -410, 75 -123[m
[02:18:18] [Server thread/INFO]: xxECKOxSHOTxx issued server command: /tell Evilius u gay
[02:18:20] [Netty Server IO #5/INFO]: <The_Macho_Taco> -410, 75, -123[m
[02:21:16] [Server thread/INFO]: The_Macho_Taco lost connection: Disconnected
[02:21:17] [Server thread/INFO]: The_Macho_Taco left the game
[02:21:21] [User Authenticator #14/INFO]: UUID of player The_Macho_Taco is ca05769a-51e6-46d1-ae07-65a0850473f3
[02:21:22] [Server thread/INFO]: The_Macho_Taco[/192.168.0.2:46944] logged in with entity id 19429 at ([world]-273.30958427890005, 68.0, -47.93712108330183)
[02:22:47] [Server thread/INFO]: Evilius has made the advancement [Not Today, Thank You]
[02:26:36] [Server thread/INFO]: Evilius was shot by Skeleton
[02:27:44] [Server thread/WARN]: Evilius moved too quickly! 8.967421398548765,-61.07840000152588,-482.58235777949267
[02:33:19] [Server thread/INFO]: Evilius was shot by Skeleton
[02:49:11] [Server thread/INFO]: The_Macho_Taco has made the advancement [Sweet Dreams]
[02:52:09] [Server thread/INFO]: The_Macho_Taco lost connection: Disconnected
[02:52:09] [Server thread/INFO]: The_Macho_Taco left the game
[02:52:12] [User Authenticator #15/INFO]: UUID of player The_Macho_Taco is ca05769a-51e6-46d1-ae07-65a0850473f3
[02:52:12] [Server thread/INFO]: The_Macho_Taco[/192.168.0.2:48218] logged in with entity id 26826 at ([world]-271.51593991300234, 65.0, -3.5569664042261646)
[02:56:05] [Server thread/INFO]: xxECKOxSHOTxx lost connection: Disconnected
[02:56:05] [Server thread/INFO]: xxECKOxSHOTxx left the game
[02:56:09] [User Authenticator #16/INFO]: UUID of player xxECKOxSHOTxx is c0c74efd-40d3-432b-8309-bea62bf60b9e
[02:56:09] [Server thread/INFO]: xxECKOxSHOTxx[/192.168.0.28:53175] logged in with entity id 27732 at ([world]-233.58702709780658, 61.0, -42.950871872025466)
[02:56:27] [Server thread/INFO]: The_Macho_Taco lost connection: Disconnected
[02:56:27] [Server thread/INFO]: The_Macho_Taco left the game
[02:56:29] [User Authenticator #17/INFO]: UUID of player The_Macho_Taco is ca05769a-51e6-46d1-ae07-65a0850473f3
[02:56:30] [Server thread/INFO]: The_Macho_Taco[/192.168.0.2:46057] logged in with entity id 27850 at ([world]-326.8631336973571, 67.0, -3.3703515403984214)
[03:08:36] [Server thread/WARN]: The_Macho_Taco moved too quickly! -13.621936349807612,0.0,-2.0414818099057292
[03:08:45] [Server thread/INFO]: The_Macho_Taco lost connection: Disconnected
[03:08:45] [Server thread/INFO]: The_Macho_Taco left the game
[03:08:48] [User Authenticator #18/INFO]: UUID of player The_Macho_Taco is ca05769a-51e6-46d1-ae07-65a0850473f3
[03:08:48] [Server thread/INFO]: The_Macho_Taco[/192.168.0.2:37263] logged in with entity id 30108 at ([world]-256.27010348363035, 63.0, 4.188117754312081)
[03:10:41] [Server thread/INFO]: xxECKOxSHOTxx has made the advancement [Fishy Business]
[03:22:18] [Server thread/INFO]: xxECKOxSHOTxx has made the advancement [The Parrots and the Bats]
[03:22:52] [Server thread/INFO]: The_Macho_Taco lost connection: Disconnected
[03:22:52] [Server thread/INFO]: The_Macho_Taco left the game
[03:22:54] [User Authenticator #19/INFO]: UUID of player The_Macho_Taco is ca05769a-51e6-46d1-ae07-65a0850473f3
[03:22:54] [Server thread/INFO]: The_Macho_Taco[/192.168.0.2:35144] logged in with entity id 32685 at ([world]-269.29958516482503, 63.0, 3.8788423833310715)
[03:23:05] [Server thread/INFO]: Evilius issued server command: /me at -325 11 -140 =Spawner
[03:23:05] [Server thread/INFO]: * Evilius at -325 11 -140 =Spawner
[03:25:17] [Server thread/INFO]: xxECKOxSHOTxx issued server command: /togglerainon
[03:25:19] [Server thread/INFO]: xxECKOxSHOTxx issued server command: /help
[03:31:01] [Server thread/INFO]: Evilius has made the advancement [Fishy Business]
[03:35:23] [Server thread/INFO]: The_Macho_Taco lost connection: Disconnected
[03:35:23] [Server thread/INFO]: The_Macho_Taco left the game
[03:35:25] [User Authenticator #20/INFO]: UUID of player The_Macho_Taco is ca05769a-51e6-46d1-ae07-65a0850473f3
[03:35:25] [Server thread/INFO]: The_Macho_Taco[/192.168.0.2:43397] logged in with entity id 34626 at ([world]-268.8701855067553, 63.0, 3.6396203827735043)
[03:46:23] [Server thread/WARN]: Evilius moved too quickly! -10.455656112883617,2.0,2.5616069062128304
[03:49:38] [Server thread/INFO]: xxECKOxSHOTxx has made the advancement [Not Today, Thank You]
[03:53:54] [Server thread/INFO]: The_Macho_Taco has made the advancement [Diamonds!]
[03:59:25] [Server thread/WARN]: The_Macho_Taco was kicked for floating too long!
[03:59:25] [Server thread/INFO]: The_Macho_Taco lost connection: Flying is not enabled on this server
[03:59:25] [Server thread/INFO]: The_Macho_Taco left the game
[03:59:31] [User Authenticator #21/INFO]: UUID of player The_Macho_Taco is ca05769a-51e6-46d1-ae07-65a0850473f3
[03:59:32] [Server thread/INFO]: The_Macho_Taco[/192.168.0.2:41887] logged in with entity id 38729 at ([world]-265.5058122732064, 12.624705480873494, -35.28746653870526)
[04:01:40] [Server thread/INFO]: The_Macho_Taco lost connection: Disconnected
[04:01:40] [Server thread/INFO]: The_Macho_Taco left the game
[04:01:42] [User Authenticator #22/INFO]: UUID of player The_Macho_Taco is ca05769a-51e6-46d1-ae07-65a0850473f3
[04:01:43] [Server thread/INFO]: The_Macho_Taco[/192.168.0.2:42791] logged in with entity id 39104 at ([world]-265.5041403350414, 11.0, -41.62345165268383)
[04:04:07] [Server thread/INFO]: xxECKOxSHOTxx was slain by Phantom
[04:06:32] [Server thread/INFO]: The_Macho_Taco lost connection: Disconnected
[04:06:32] [Server thread/INFO]: The_Macho_Taco left the game
[04:06:45] [Server thread/INFO]: com.mojang.authlib.GameProfile@2eedd050[id=<null>,name=The_Macho_Taco,properties={},legacy=false] (/192.168.0.2:41536) lost connection: Disconnected
[04:06:49] [User Authenticator #23/INFO]: UUID of player The_Macho_Taco is ca05769a-51e6-46d1-ae07-65a0850473f3
[04:06:49] [Server thread/INFO]: The_Macho_Taco[/192.168.0.2:42561] logged in with entity id 40048 at ([world]-308.08771213406567, 20.0, -4.732885089748093)
[04:22:43] [Server thread/WARN]: The_Macho_Taco was kicked for floating too long!
[04:22:43] [Server thread/INFO]: The_Macho_Taco lost connection: Flying is not enabled on this server
[04:22:43] [Server thread/INFO]: The_Macho_Taco left the game
[04:22:48] [User Authenticator #24/INFO]: UUID of player The_Macho_Taco is ca05769a-51e6-46d1-ae07-65a0850473f3
[04:22:48] [Server thread/INFO]: The_Macho_Taco[/192.168.0.2:48480] logged in with entity id 43061 at ([world]-245.45665878345682, 63.78947876269956, -12.516296106619514)
[04:30:43] [Server thread/INFO]: The_Macho_Taco lost connection: Disconnected
[04:30:43] [Server thread/INFO]: The_Macho_Taco left the game
[04:30:46] [User Authenticator #25/INFO]: UUID of player The_Macho_Taco is ca05769a-51e6-46d1-ae07-65a0850473f3
[04:30:46] [Server thread/INFO]: The_Macho_Taco[/192.168.0.2:36146] logged in with entity id 44392 at ([world]-251.55866913271828, 63.0, -8.402614330403733)
[04:41:12] [Server thread/INFO]: xxECKOxSHOTxx issued server command: /kill
[04:41:34] [Server thread/INFO]: Unknown command. Type "help" for help.[m
[04:41:37] [Server thread/INFO]: An entity is required to run this command here
[04:41:45] [Server thread/INFO]: xxECKOxSHOTxx fell out of the world
[04:41:45] [Server thread/INFO]: Killed xxECKOxSHOTxx
[04:43:28] [Server thread/INFO]: xxECKOxSHOTxx has made the advancement [Sweet Dreams]
[04:51:37] [Server thread/INFO]: The_Macho_Taco has made the advancement [A Seedy Place]
[04:55:02] [Server thread/INFO]: Evilius has made the advancement [Hot Stuff]
